<?xml version="1.0" encoding="UTF-8"?>
<testng-results ignored="0" total="4" passed="4" failed="0" skipped="0">
  <reporter-output>
  </reporter-output>
  <suite started-at="2022-02-19T22:44:11 IST" name="Suite" finished-at="2022-02-19T22:44:11 IST" duration-ms="36">
    <groups>
    </groups>
    <test started-at="2022-02-19T22:44:11 IST" name="Test" finished-at="2022-02-19T22:44:11 IST" duration-ms="36">
      <class name="rahulshettyacademy.MavenJava.RESTAPITest">
        <test-method signature="DeleteTwitter()[pri:0, instance:rahulshettyacademy.MavenJava.RESTAPITest@6da21078]" started-at="2022-02-19T22:44:11 IST" name="DeleteTwitter" finished-at="2022-02-19T22:44:11 IST" duration-ms="0" status="PASS">
          <reporter-output>
          </reporter-output>
        </test-method> <!-- DeleteTwitter -->
        <test-method signature="PostJira()[pri:0, instance:rahulshettyacademy.MavenJava.RESTAPITest@6da21078]" started-at="2022-02-19T22:44:11 IST" name="PostJira" finished-at="2022-02-19T22:44:11 IST" duration-ms="0" status="PASS">
          <reporter-output>
          </reporter-output>
        </test-method> <!-- PostJira -->
      </class> <!-- rahulshettyacademy.MavenJava.RESTAPITest -->
      <class name="rahulshettyacademy.MavenJava.AppiumTest">
        <test-method signature="IOSApps()[pri:0, instance:rahulshettyacademy.MavenJava.AppiumTest@505fc5a4]" started-at="2022-02-19T22:44:11 IST" name="IOSApps" finished-at="2022-02-19T22:44:11 IST" duration-ms="5" status="PASS">
          <reporter-output>
          </reporter-output>
        </test-method> <!-- IOSApps -->
        <test-method signature="NativeAppAndroid()[pri:0, instance:rahulshettyacademy.MavenJava.AppiumTest@505fc5a4]" started-at="2022-02-19T22:44:11 IST" name="NativeAppAndroid" finished-at="2022-02-19T22:44:11 IST" duration-ms="0" status="PASS">
          <reporter-output>
          </reporter-output>
        </test-method> <!-- NativeAppAndroid -->
      </class> <!-- rahulshettyacademy.MavenJava.AppiumTest -->
    </test> <!-- Test -->
  </suite> <!-- Suite -->
</testng-results>
