<?xml version="1.0" encoding="UTF-8"?>
<!-- Generated by org.testng.reporters.JUnitXMLReporter -->
<testsuite ignored="0" hostname="HIJ-LP237" failures="0" tests="4" name="Test" time="0.036" errors="0" timestamp="2022-02-19T22:44:11 IST">
  <testcase classname="rahulshettyacademy.MavenJava.AppiumTest" name="IOSApps" time="0.005"/>
  <testcase classname="rahulshettyacademy.MavenJava.AppiumTest" name="NativeAppAndroid" time="0.0"/>
  <testcase classname="rahulshettyacademy.MavenJava.RESTAPITest" name="DeleteTwitter" time="0.0"/>
  <testcase classname="rahulshettyacademy.MavenJava.RESTAPITest" name="PostJira" time="0.0"/>
</testsuite> <!-- Test -->
